# JRE version: OpenJDK Runtime Environment (11.0.10) (build 11.0.10+0-b96-7249189)
# Java VM: OpenJDK 64-Bit Server VM (11.0.10+0-b96-7249189, mixed mode, tiered, compressed oops, g1 gc, windows-amd64)
Heap:
 garbage-first heap   total 189440K, used 145779K [0x00000000a0000000, 0x0000000100000000)
  region size 1024K, 33 young (33792K), 5 survivors (5120K)
 Metaspace       used 106099K, capacity 109097K, committed 109260K, reserved 1144832K
  class space    used 13377K, capacity 14437K, committed 14540K, reserved 1048576K
GC Heap History (20 events):
Event: 204.950 GC heap before
{Heap before GC invocations=80 (full 0):
 garbage-first heap   total 189440K, used 159248K [0x00000000a0000000, 0x0000000100000000)
  region size 1024K, 47 young (48128K), 1 survivors (1024K)
 Metaspace       used 95848K, capacity 98485K, committed 98764K, reserved 1134592K
  class space    used 12272K, capacity 13194K, committed 13260K, reserved 1048576K
}
Event: 204.952 GC heap after
{Heap after GC invocations=81 (full 0):
 garbage-first heap   total 189440K, used 111876K [0x00000000a0000000, 0x0000000100000000)
  region size 1024K, 1 young (1024K), 1 survivors (1024K)
 Metaspace       used 95848K, capacity 98485K, committed 98764K, reserved 1134592K
  class space    used 12272K, capacity 13194K, committed 13260K, reserved 1048576K
}
Event: 212.069 GC heap before
{Heap before GC invocations=82 (full 0):
 garbage-first heap   total 189440K, used 161028K [0x00000000a0000000, 0x0000000100000000)
  region size 1024K, 49 young (50176K), 1 survivors (1024K)
 Metaspace       used 95855K, capacity 98485K, committed 98764K, reserved 1134592K
  class space    used 12272K, capacity 13194K, committed 13260K, reserved 1048576K
}
Event: 212.071 GC heap after
{Heap after GC invocations=83 (full 0):
 garbage-first heap   total 189440K, used 111815K [0x00000000a0000000, 0x0000000100000000)
  region size 1024K, 1 young (1024K), 1 survivors (1024K)
 Metaspace       used 95855K, capacity 98485K, committed 98764K, reserved 1134592K
  class space    used 12272K, capacity 13194K, committed 13260K, reserved 1048576K
}
Event: 214.981 GC heap before
{Heap before GC invocations=83 (full 0):
 garbage-first heap   total 189440K, used 161991K [0x00000000a0000000, 0x0000000100000000)
  region size 1024K, 50 young (51200K), 1 survivors (1024K)
 Metaspace       used 95855K, capacity 98485K, committed 98764K, reserved 1134592K
  class space    used 12272K, capacity 13194K, committed 13260K, reserved 1048576K
}
Event: 214.982 GC heap after
{Heap after GC invocations=84 (full 0):
 garbage-first heap   total 189440K, used 111792K [0x00000000a0000000, 0x0000000100000000)
  region size 1024K, 1 young (1024K), 1 survivors (1024K)
 Metaspace       used 95855K, capacity 98485K, committed 98764K, reserved 1134592K
  class space    used 12272K, capacity 13194K, committed 13260K, reserved 1048576K
}
Event: 221.855 GC heap before
{Heap before GC invocations=85 (full 0):
 garbage-first heap   total 189440K, used 161968K [0x00000000a0000000, 0x0000000100000000)
  region size 1024K, 50 young (51200K), 1 survivors (1024K)
 Metaspace       used 95855K, capacity 98485K, committed 98764K, reserved 1134592K
  class space    used 12272K, capacity 13194K, committed 13260K, reserved 1048576K
}
Event: 221.858 GC heap after
{Heap after GC invocations=86 (full 0):
 garbage-first heap   total 189440K, used 111792K [0x00000000a0000000, 0x0000000100000000)
  region size 1024K, 1 young (1024K), 1 survivors (1024K)
 Metaspace       used 95855K, capacity 98485K, committed 98764K, reserved 1134592K
  class space    used 12272K, capacity 13194K, committed 13260K, reserved 1048576K
}
Event: 227.027 GC heap before
{Heap before GC invocations=86 (full 0):
 garbage-first heap   total 189440K, used 162992K [0x00000000a0000000, 0x0000000100000000)
  region size 1024K, 51 young (52224K), 1 survivors (1024K)
 Metaspace       used 95855K, capacity 98485K, committed 98764K, reserved 1134592K
  class space    used 12272K, capacity 13194K, committed 13260K, reserved 1048576K
}
Event: 227.029 GC heap after
{Heap after GC invocations=87 (full 0):
 garbage-first heap   total 189440K, used 111792K [0x00000000a0000000, 0x0000000100000000)
  region size 1024K, 1 young (1024K), 1 survivors (1024K)
 Metaspace       used 95855K, capacity 98485K, committed 98764K, reserved 1134592K
  class space    used 12272K, capacity 13194K, committed 13260K, reserved 1048576K
}
Event: 231.224 GC heap before
{Heap before GC invocations=88 (full 0):
 garbage-first heap   total 189440K, used 164016K [0x00000000a0000000, 0x0000000100000000)
  region size 1024K, 52 young (53248K), 1 survivors (1024K)
 Metaspace       used 95856K, capacity 98485K, committed 98764K, reserved 1134592K
  class space    used 12272K, capacity 13194K, committed 13260K, reserved 1048576K
}
Event: 231.226 GC heap after
{Heap after GC invocations=89 (full 0):
 garbage-first heap   total 189440K, used 111792K [0x00000000a0000000, 0x0000000100000000)
  region size 1024K, 1 young (1024K), 1 survivors (1024K)
 Metaspace       used 95856K, capacity 98485K, committed 98764K, reserved 1134592K
  class space    used 12272K, capacity 13194K, committed 13260K, reserved 1048576K
}
Event: 235.674 GC heap before
{Heap before GC invocations=89 (full 0):
 garbage-first heap   total 189440K, used 165040K [0x00000000a0000000, 0x0000000100000000)
  region size 1024K, 53 young (54272K), 1 survivors (1024K)
 Metaspace       used 95856K, capacity 98485K, committed 98764K, reserved 1134592K
  class space    used 12272K, capacity 13194K, committed 13260K, reserved 1048576K
}
Event: 235.678 GC heap after
{Heap after GC invocations=90 (full 0):
 garbage-first heap   total 189440K, used 111792K [0x00000000a0000000, 0x0000000100000000)
  region size 1024K, 1 young (1024K), 1 survivors (1024K)
 Metaspace       used 95856K, capacity 98485K, committed 98764K, reserved 1134592K
  class space    used 12272K, capacity 13194K, committed 13260K, reserved 1048576K
}
Event: 238.793 GC heap before
{Heap before GC invocations=91 (full 0):
 garbage-first heap   total 189440K, used 165040K [0x00000000a0000000, 0x0000000100000000)
  region size 1024K, 53 young (54272K), 1 survivors (1024K)
 Metaspace       used 98737K, capacity 101375K, committed 101708K, reserved 1136640K
  class space    used 12585K, capacity 13511K, committed 13644K, reserved 1048576K
}
Event: 238.801 GC heap after
{Heap after GC invocations=92 (full 0):
 garbage-first heap   total 189440K, used 113671K [0x00000000a0000000, 0x0000000100000000)
  region size 1024K, 2 young (2048K), 2 survivors (2048K)
 Metaspace       used 98737K, capacity 101375K, committed 101708K, reserved 1136640K
  class space    used 12585K, capacity 13511K, committed 13644K, reserved 1048576K
}
Event: 242.544 GC heap before
{Heap before GC invocations=92 (full 0):
 garbage-first heap   total 189440K, used 163847K [0x00000000a0000000, 0x0000000100000000)
  region size 1024K, 52 young (53248K), 2 survivors (2048K)
 Metaspace       used 101805K, capacity 104621K, committed 104652K, reserved 1140736K
  class space    used 13005K, capacity 14010K, committed 14028K, reserved 1048576K
}
Event: 242.557 GC heap after
{Heap after GC invocations=93 (full 0):
 garbage-first heap   total 189440K, used 116554K [0x00000000a0000000, 0x0000000100000000)
  region size 1024K, 5 young (5120K), 5 survivors (5120K)
 Metaspace       used 101805K, capacity 104621K, committed 104652K, reserved 1140736K
  class space    used 13005K, capacity 14010K, committed 14028K, reserved 1048576K
}
Event: 296.324 GC heap before
{Heap before GC invocations=94 (full 0):
 garbage-first heap   total 189440K, used 162634K [0x00000000a0000000, 0x0000000100000000)
  region size 1024K, 51 young (52224K), 5 survivors (5120K)
 Metaspace       used 105699K, capacity 108686K, committed 108876K, reserved 1144832K
  class space    used 13361K, capacity 14406K, committed 14412K, reserved 1048576K
}
Event: 296.343 GC heap after
{Heap after GC invocations=95 (full 0):
 garbage-first heap   total 189440K, used 118131K [0x00000000a0000000, 0x0000000100000000)
  region size 1024K, 5 young (5120K), 5 survivors (5120K)
 Metaspace       used 105699K, capacity 108686K, committed 108876K, reserved 1144832K
  class space    used 13361K, capacity 14406K, committed 14412K, reserved 1048576K
}

