# JRE version: OpenJDK Runtime Environment (11.0.10) (build 11.0.10+0-b96-7249189)
# Java VM: OpenJDK 64-Bit Server VM (11.0.10+0-b96-7249189, mixed mode, tiered, compressed oops, g1 gc, windows-amd64)
Heap:
 garbage-first heap   total 385024K, used 158383K [0x00000000a0000000, 0x0000000100000000)
  region size 1024K, 4 young (4096K), 1 survivors (1024K)
 Metaspace       used 134019K, capacity 138032K, committed 139008K, reserved 1169408K
  class space    used 16715K, capacity 18166K, committed 18432K, reserved 1048576K
GC Heap History (20 events):
Event: 13503.544 GC heap before
{Heap before GC invocations=101 (full 0):
 garbage-first heap   total 286720K, used 165753K [0x00000000a0000000, 0x0000000100000000)
  region size 1024K, 36 young (36864K), 2 survivors (2048K)
 Metaspace       used 132983K, capacity 137207K, committed 137472K, reserved 1169408K
  class space    used 16801K, capacity 18371K, committed 18432K, reserved 1048576K
}
Event: 13503.577 GC heap after
{Heap after GC invocations=102 (full 0):
 garbage-first heap   total 286720K, used 144128K [0x00000000a0000000, 0x0000000100000000)
  region size 1024K, 10 young (10240K), 10 survivors (10240K)
 Metaspace       used 132983K, capacity 137207K, committed 137472K, reserved 1169408K
  class space    used 16801K, capacity 18371K, committed 18432K, reserved 1048576K
}
Event: 13504.979 GC heap before
{Heap before GC invocations=103 (full 0):
 garbage-first heap   total 286720K, used 217856K [0x00000000a0000000, 0x0000000100000000)
  region size 1024K, 73 young (74752K), 10 survivors (10240K)
 Metaspace       used 132787K, capacity 136800K, committed 137728K, reserved 1169408K
  class space    used 16642K, capacity 18083K, committed 18432K, reserved 1048576K
}
Event: 13504.999 GC heap after
{Heap after GC invocations=104 (full 0):
 garbage-first heap   total 286720K, used 143930K [0x00000000a0000000, 0x0000000100000000)
  region size 1024K, 2 young (2048K), 2 survivors (2048K)
 Metaspace       used 132787K, capacity 136800K, committed 137728K, reserved 1169408K
  class space    used 16642K, capacity 18083K, committed 18432K, reserved 1048576K
}
Event: 13514.866 GC heap before
{Heap before GC invocations=104 (full 0):
 garbage-first heap   total 340992K, used 286266K [0x00000000a0000000, 0x0000000100000000)
  region size 1024K, 14 young (14336K), 2 survivors (2048K)
 Metaspace       used 132891K, capacity 136865K, committed 137728K, reserved 1169408K
  class space    used 16651K, capacity 18095K, committed 18432K, reserved 1048576K
}
Event: 13514.873 GC heap after
{Heap after GC invocations=105 (full 0):
 garbage-first heap   total 340992K, used 140174K [0x00000000a0000000, 0x0000000100000000)
  region size 1024K, 1 young (1024K), 1 survivors (1024K)
 Metaspace       used 132891K, capacity 136865K, committed 137728K, reserved 1169408K
  class space    used 16651K, capacity 18095K, committed 18432K, reserved 1048576K
}
Event: 13516.735 GC heap before
{Heap before GC invocations=105 (full 0):
 garbage-first heap   total 340992K, used 144270K [0x00000000a0000000, 0x0000000100000000)
  region size 1024K, 7 young (7168K), 1 survivors (1024K)
 Metaspace       used 132894K, capacity 136865K, committed 137728K, reserved 1169408K
  class space    used 16651K, capacity 18095K, committed 18432K, reserved 1048576K
}
Event: 13516.739 GC heap after
{Heap after GC invocations=106 (full 0):
 garbage-first heap   total 340992K, used 140144K [0x00000000a0000000, 0x0000000100000000)
  region size 1024K, 1 young (1024K), 1 survivors (1024K)
 Metaspace       used 132894K, capacity 136865K, committed 137728K, reserved 1169408K
  class space    used 16651K, capacity 18095K, committed 18432K, reserved 1048576K
}
Event: 15693.742 GC heap before
{Heap before GC invocations=107 (full 0):
 garbage-first heap   total 340992K, used 339824K [0x00000000a0000000, 0x0000000100000000)
  region size 1024K, 56 young (57344K), 1 survivors (1024K)
 Metaspace       used 133164K, capacity 137262K, committed 137728K, reserved 1169408K
  class space    used 16706K, capacity 18187K, committed 18432K, reserved 1048576K
}
Event: 15693.751 GC heap after
{Heap after GC invocations=108 (full 0):
 garbage-first heap   total 343040K, used 132260K [0x00000000a0000000, 0x0000000100000000)
  region size 1024K, 2 young (2048K), 2 survivors (2048K)
 Metaspace       used 133164K, capacity 137262K, committed 137728K, reserved 1169408K
  class space    used 16706K, capacity 18187K, committed 18432K, reserved 1048576K
}
Event: 16105.365 GC heap before
{Heap before GC invocations=108 (full 0):
 garbage-first heap   total 343040K, used 145572K [0x00000000a0000000, 0x0000000100000000)
  region size 1024K, 16 young (16384K), 2 survivors (2048K)
 Metaspace       used 133192K, capacity 137295K, committed 137728K, reserved 1169408K
  class space    used 16710K, capacity 18194K, committed 18432K, reserved 1048576K
}
Event: 16105.381 GC heap after
{Heap after GC invocations=109 (full 0):
 garbage-first heap   total 343040K, used 125505K [0x00000000a0000000, 0x0000000100000000)
  region size 1024K, 2 young (2048K), 2 survivors (2048K)
 Metaspace       used 133192K, capacity 137295K, committed 137728K, reserved 1169408K
  class space    used 16710K, capacity 18194K, committed 18432K, reserved 1048576K
}
Event: 16157.447 GC heap before
{Heap before GC invocations=109 (full 0):
 garbage-first heap   total 343040K, used 218689K [0x00000000a0000000, 0x0000000100000000)
  region size 1024K, 93 young (95232K), 2 survivors (2048K)
 Metaspace       used 133812K, capacity 138035K, committed 138240K, reserved 1169408K
  class space    used 16803K, capacity 18366K, committed 18432K, reserved 1048576K
}
Event: 16157.492 GC heap after
{Heap after GC invocations=110 (full 0):
 garbage-first heap   total 343040K, used 129972K [0x00000000a0000000, 0x0000000100000000)
  region size 1024K, 7 young (7168K), 7 survivors (7168K)
 Metaspace       used 133812K, capacity 138035K, committed 138240K, reserved 1169408K
  class space    used 16803K, capacity 18366K, committed 18432K, reserved 1048576K
}
Event: 16204.814 GC heap before
{Heap before GC invocations=111 (full 0):
 garbage-first heap   total 385024K, used 333748K [0x00000000a0000000, 0x0000000100000000)
  region size 1024K, 103 young (105472K), 7 survivors (7168K)
 Metaspace       used 133958K, capacity 138018K, committed 138752K, reserved 1169408K
  class space    used 16727K, capacity 18212K, committed 18432K, reserved 1048576K
}
Event: 16204.864 GC heap after
{Heap after GC invocations=112 (full 0):
 garbage-first heap   total 385024K, used 130775K [0x00000000a0000000, 0x0000000100000000)
  region size 1024K, 10 young (10240K), 10 survivors (10240K)
 Metaspace       used 133958K, capacity 138018K, committed 138752K, reserved 1169408K
  class space    used 16727K, capacity 18212K, committed 18432K, reserved 1048576K
}
Event: 16205.830 GC heap before
{Heap before GC invocations=112 (full 0):
 garbage-first heap   total 385024K, used 137943K [0x00000000a0000000, 0x0000000100000000)
  region size 1024K, 18 young (18432K), 10 survivors (10240K)
 Metaspace       used 133993K, capacity 138055K, committed 138752K, reserved 1169408K
  class space    used 16731K, capacity 18218K, committed 18432K, reserved 1048576K
}
Event: 16205.854 GC heap after
{Heap after GC invocations=113 (full 0):
 garbage-first heap   total 385024K, used 116802K [0x00000000a0000000, 0x0000000100000000)
  region size 1024K, 2 young (2048K), 2 survivors (2048K)
 Metaspace       used 133993K, capacity 138055K, committed 138752K, reserved 1169408K
  class space    used 16731K, capacity 18218K, committed 18432K, reserved 1048576K
}
Event: 16208.865 GC heap before
{Heap before GC invocations=113 (full 0):
 garbage-first heap   total 385024K, used 127042K [0x00000000a0000000, 0x0000000100000000)
  region size 1024K, 13 young (13312K), 2 survivors (2048K)
 Metaspace       used 134002K, capacity 138067K, committed 138752K, reserved 1169408K
  class space    used 16732K, capacity 18220K, committed 18432K, reserved 1048576K
}
Event: 16208.879 GC heap after
{Heap after GC invocations=114 (full 0):
 garbage-first heap   total 385024K, used 118017K [0x00000000a0000000, 0x0000000100000000)
  region size 1024K, 3 young (3072K), 3 survivors (3072K)
 Metaspace       used 134002K, capacity 138067K, committed 138752K, reserved 1169408K
  class space    used 16732K, capacity 18220K, committed 18432K, reserved 1048576K
}

