# JRE version: OpenJDK Runtime Environment (8.0_242-b01) (build 1.8.0_242-release-1644-b01)
# Java VM: OpenJDK 64-Bit Server VM (25.242-b01 mixed mode windows-amd64 compressed oops)
Heap:
 PSYoungGen      total 117760K, used 26670K [0x00000000f5580000, 0x00000000ffa00000, 0x0000000100000000)
  eden space 73216K, 25% used [0x00000000f5580000,0x00000000f67b2ee0,0x00000000f9d00000)
  from space 44544K, 18% used [0x00000000fce80000,0x00000000fd658a98,0x00000000ffa00000)
  to   space 47616K, 0% used [0x00000000f9d00000,0x00000000f9d00000,0x00000000fcb80000)
 ParOldGen       total 260608K, used 45254K [0x00000000e0000000, 0x00000000efe80000, 0x00000000f5580000)
  object space 260608K, 17% used [0x00000000e0000000,0x00000000e2c31950,0x00000000efe80000)
 Metaspace       used 95204K, capacity 99364K, committed 100056K, reserved 1136640K
  class space    used 12484K, capacity 13330K, committed 13568K, reserved 1048576K
GC Heap History (10 events):
Event: 15063.964 GC heap before
{Heap before GC invocations=55 (full 7):
 PSYoungGen      total 121856K, used 3628K [0x00000000f5580000, 0x0000000100000000, 0x0000000100000000)
  eden space 69120K, 0% used [0x00000000f5580000,0x00000000f5580000,0x00000000f9900000)
  from space 52736K, 6% used [0x00000000fcc80000,0x00000000fd00b0c8,0x0000000100000000)
  to   space 52736K, 0% used [0x00000000f9900000,0x00000000f9900000,0x00000000fcc80000)
 ParOldGen       total 260608K, used 242720K [0x00000000e0000000, 0x00000000efe80000, 0x00000000f5580000)
  object space 260608K, 93% used [0x00000000e0000000,0x00000000eed08340,0x00000000efe80000)
 Metaspace       used 95040K, capacity 99290K, committed 99800K, reserved 1136640K
  class space    used 12490K, capacity 13348K, committed 13568K, reserved 1048576K
Event: 15064.588 GC heap after
Heap after GC invocations=55 (full 7):
 PSYoungGen      total 121856K, used 0K [0x00000000f5580000, 0x0000000100000000, 0x0000000100000000)
  eden space 69120K, 0% used [0x00000000f5580000,0x00000000f5580000,0x00000000f9900000)
  from space 52736K, 0% used [0x00000000fcc80000,0x00000000fcc80000,0x0000000100000000)
  to   space 52736K, 0% used [0x00000000f9900000,0x00000000f9900000,0x00000000fcc80000)
 ParOldGen       total 260608K, used 33833K [0x00000000e0000000, 0x00000000efe80000, 0x00000000f5580000)
  object space 260608K, 12% used [0x00000000e0000000,0x00000000e210a4c0,0x00000000efe80000)
 Metaspace       used 94390K, capacity 98056K, committed 99800K, reserved 1136640K
  class space    used 12341K, capacity 13077K, committed 13568K, reserved 1048576K
}
Event: 16966.663 GC heap before
{Heap before GC invocations=56 (full 7):
 PSYoungGen      total 121856K, used 69120K [0x00000000f5580000, 0x0000000100000000, 0x0000000100000000)
  eden space 69120K, 100% used [0x00000000f5580000,0x00000000f9900000,0x00000000f9900000)
  from space 52736K, 0% used [0x00000000fcc80000,0x00000000fcc80000,0x0000000100000000)
  to   space 52736K, 0% used [0x00000000f9900000,0x00000000f9900000,0x00000000fcc80000)
 ParOldGen       total 260608K, used 33833K [0x00000000e0000000, 0x00000000efe80000, 0x00000000f5580000)
  object space 260608K, 12% used [0x00000000e0000000,0x00000000e210a4c0,0x00000000efe80000)
 Metaspace       used 94446K, capacity 98120K, committed 99800K, reserved 1136640K
  class space    used 12353K, capacity 13096K, committed 13568K, reserved 1048576K
Event: 16966.760 GC heap after
Heap after GC invocations=56 (full 7):
 PSYoungGen      total 121856K, used 1952K [0x00000000f5580000, 0x0000000100000000, 0x0000000100000000)
  eden space 69120K, 0% used [0x00000000f5580000,0x00000000f5580000,0x00000000f9900000)
  from space 52736K, 3% used [0x00000000f9900000,0x00000000f9ae8000,0x00000000fcc80000)
  to   space 52736K, 0% used [0x00000000fcc80000,0x00000000fcc80000,0x0000000100000000)
 ParOldGen       total 260608K, used 33833K [0x00000000e0000000, 0x00000000efe80000, 0x00000000f5580000)
  object space 260608K, 12% used [0x00000000e0000000,0x00000000e210a4c0,0x00000000efe80000)
 Metaspace       used 94446K, capacity 98120K, committed 99800K, reserved 1136640K
  class space    used 12353K, capacity 13096K, committed 13568K, reserved 1048576K
}
Event: 16974.107 GC heap before
{Heap before GC invocations=57 (full 7):
 PSYoungGen      total 121856K, used 71072K [0x00000000f5580000, 0x0000000100000000, 0x0000000100000000)
  eden space 69120K, 100% used [0x00000000f5580000,0x00000000f9900000,0x00000000f9900000)
  from space 52736K, 3% used [0x00000000f9900000,0x00000000f9ae8000,0x00000000fcc80000)
  to   space 52736K, 0% used [0x00000000fcc80000,0x00000000fcc80000,0x0000000100000000)
 ParOldGen       total 260608K, used 33833K [0x00000000e0000000, 0x00000000efe80000, 0x00000000f5580000)
  object space 260608K, 12% used [0x00000000e0000000,0x00000000e210a4c0,0x00000000efe80000)
 Metaspace       used 94586K, capacity 98402K, committed 99800K, reserved 1136640K
  class space    used 12392K, capacity 13181K, committed 13568K, reserved 1048576K
Event: 16974.605 GC heap after
Heap after GC invocations=57 (full 7):
 PSYoungGen      total 118784K, used 5138K [0x00000000f5580000, 0x00000000ffd00000, 0x0000000100000000)
  eden space 69120K, 0% used [0x00000000f5580000,0x00000000f5580000,0x00000000f9900000)
  from space 49664K, 10% used [0x00000000fcc80000,0x00000000fd184a88,0x00000000ffd00000)
  to   space 51200K, 0% used [0x00000000f9900000,0x00000000f9900000,0x00000000fcb00000)
 ParOldGen       total 260608K, used 35628K [0x00000000e0000000, 0x00000000efe80000, 0x00000000f5580000)
  object space 260608K, 13% used [0x00000000e0000000,0x00000000e22cb3d8,0x00000000efe80000)
 Metaspace       used 94586K, capacity 98402K, committed 99800K, reserved 1136640K
  class space    used 12392K, capacity 13181K, committed 13568K, reserved 1048576K
}
Event: 16975.436 GC heap before
{Heap before GC invocations=58 (full 7):
 PSYoungGen      total 118784K, used 74258K [0x00000000f5580000, 0x00000000ffd00000, 0x0000000100000000)
  eden space 69120K, 100% used [0x00000000f5580000,0x00000000f9900000,0x00000000f9900000)
  from space 49664K, 10% used [0x00000000fcc80000,0x00000000fd184a88,0x00000000ffd00000)
  to   space 51200K, 0% used [0x00000000f9900000,0x00000000f9900000,0x00000000fcb00000)
 ParOldGen       total 260608K, used 35628K [0x00000000e0000000, 0x00000000efe80000, 0x00000000f5580000)
  object space 260608K, 13% used [0x00000000e0000000,0x00000000e22cb3d8,0x00000000efe80000)
 Metaspace       used 94685K, capacity 98570K, committed 99800K, reserved 1136640K
  class space    used 12411K, capacity 13208K, committed 13568K, reserved 1048576K
Event: 16975.629 GC heap after
Heap after GC invocations=58 (full 7):
 PSYoungGen      total 120320K, used 4978K [0x00000000f5580000, 0x00000000fff80000, 0x0000000100000000)
  eden space 69120K, 0% used [0x00000000f5580000,0x00000000f5580000,0x00000000f9900000)
  from space 51200K, 9% used [0x00000000f9900000,0x00000000f9ddca80,0x00000000fcb00000)
  to   space 50176K, 0% used [0x00000000fce80000,0x00000000fce80000,0x00000000fff80000)
 ParOldGen       total 260608K, used 40546K [0x00000000e0000000, 0x00000000efe80000, 0x00000000f5580000)
  object space 260608K, 15% used [0x00000000e0000000,0x00000000e2798a60,0x00000000efe80000)
 Metaspace       used 94685K, capacity 98570K, committed 99800K, reserved 1136640K
  class space    used 12411K, capacity 13208K, committed 13568K, reserved 1048576K
}
Event: 17010.363 GC heap before
{Heap before GC invocations=59 (full 7):
 PSYoungGen      total 120320K, used 74098K [0x00000000f5580000, 0x00000000fff80000, 0x0000000100000000)
  eden space 69120K, 100% used [0x00000000f5580000,0x00000000f9900000,0x00000000f9900000)
  from space 51200K, 9% used [0x00000000f9900000,0x00000000f9ddca80,0x00000000fcb00000)
  to   space 50176K, 0% used [0x00000000fce80000,0x00000000fce80000,0x00000000fff80000)
 ParOldGen       total 260608K, used 40546K [0x00000000e0000000, 0x00000000efe80000, 0x00000000f5580000)
  object space 260608K, 15% used [0x00000000e0000000,0x00000000e2798a60,0x00000000efe80000)
 Metaspace       used 95193K, capacity 99352K, committed 100056K, reserved 1136640K
  class space    used 12482K, capacity 13328K, committed 13568K, reserved 1048576K
Event: 17010.877 GC heap after
Heap after GC invocations=59 (full 7):
 PSYoungGen      total 117760K, used 8034K [0x00000000f5580000, 0x00000000ffa00000, 0x0000000100000000)
  eden space 73216K, 0% used [0x00000000f5580000,0x00000000f5580000,0x00000000f9d00000)
  from space 44544K, 18% used [0x00000000fce80000,0x00000000fd658a98,0x00000000ffa00000)
  to   space 47616K, 0% used [0x00000000f9d00000,0x00000000f9d00000,0x00000000fcb80000)
 ParOldGen       total 260608K, used 45254K [0x00000000e0000000, 0x00000000efe80000, 0x00000000f5580000)
  object space 260608K, 17% used [0x00000000e0000000,0x00000000e2c31950,0x00000000efe80000)
 Metaspace       used 95193K, capacity 99352K, committed 100056K, reserved 1136640K
  class space    used 12482K, capacity 13328K, committed 13568K, reserved 1048576K
}

