# JRE version: OpenJDK Runtime Environment (8.0_242-b01) (build 1.8.0_242-release-1644-b01)
# Java VM: OpenJDK 64-Bit Server VM (25.242-b01 mixed mode windows-amd64 compressed oops)
Heap:
 PSYoungGen      total 128512K, used 111376K [0x00000000f5580000, 0x00000000ffb80000, 0x0000000100000000)
  eden space 116224K, 95% used [0x00000000f5580000,0x00000000fc2442d0,0x00000000fc700000)
  from space 12288K, 0% used [0x00000000fc700000,0x00000000fc700000,0x00000000fd300000)
  to   space 11776K, 0% used [0x00000000ff000000,0x00000000ff000000,0x00000000ffb80000)
 ParOldGen       total 131584K, used 36084K [0x00000000e0000000, 0x00000000e8080000, 0x00000000f5580000)
  object space 131584K, 27% used [0x00000000e0000000,0x00000000e233d3d8,0x00000000e8080000)
 Metaspace       used 62170K, capacity 64440K, committed 64728K, reserved 1105920K
  class space    used 8576K, capacity 9155K, committed 9216K, reserved 1048576K
GC Heap History (10 events):
Event: 34.072 GC heap before
{Heap before GC invocations=16 (full 2):
 PSYoungGen      total 73216K, used 71942K [0x00000000f5580000, 0x00000000fbe80000, 0x0000000100000000)
  eden space 62976K, 100% used [0x00000000f5580000,0x00000000f9300000,0x00000000f9300000)
  from space 10240K, 87% used [0x00000000f9300000,0x00000000f9bc1a30,0x00000000f9d00000)
  to   space 11264K, 0% used [0x00000000fb380000,0x00000000fb380000,0x00000000fbe80000)
 ParOldGen       total 85504K, used 16053K [0x00000000e0000000, 0x00000000e5380000, 0x00000000f5580000)
  object space 85504K, 18% used [0x00000000e0000000,0x00000000e0fad6f0,0x00000000e5380000)
 Metaspace       used 45966K, capacity 46992K, committed 47192K, reserved 1089536K
  class space    used 6135K, capacity 6435K, committed 6528K, reserved 1048576K
Event: 34.107 GC heap after
Heap after GC invocations=16 (full 2):
 PSYoungGen      total 96256K, used 7384K [0x00000000f5580000, 0x00000000fc100000, 0x0000000100000000)
  eden space 84992K, 0% used [0x00000000f5580000,0x00000000f5580000,0x00000000fa880000)
  from space 11264K, 65% used [0x00000000fb380000,0x00000000fbab6240,0x00000000fbe80000)
  to   space 11264K, 0% used [0x00000000fa880000,0x00000000fa880000,0x00000000fb380000)
 ParOldGen       total 85504K, used 19737K [0x00000000e0000000, 0x00000000e5380000, 0x00000000f5580000)
  object space 85504K, 23% used [0x00000000e0000000,0x00000000e1346738,0x00000000e5380000)
 Metaspace       used 45966K, capacity 46992K, committed 47192K, reserved 1089536K
  class space    used 6135K, capacity 6435K, committed 6528K, reserved 1048576K
}
Event: 36.888 GC heap before
{Heap before GC invocations=17 (full 2):
 PSYoungGen      total 96256K, used 92376K [0x00000000f5580000, 0x00000000fc100000, 0x0000000100000000)
  eden space 84992K, 100% used [0x00000000f5580000,0x00000000fa880000,0x00000000fa880000)
  from space 11264K, 65% used [0x00000000fb380000,0x00000000fbab6240,0x00000000fbe80000)
  to   space 11264K, 0% used [0x00000000fa880000,0x00000000fa880000,0x00000000fb380000)
 ParOldGen       total 85504K, used 19737K [0x00000000e0000000, 0x00000000e5380000, 0x00000000f5580000)
  object space 85504K, 23% used [0x00000000e0000000,0x00000000e1346738,0x00000000e5380000)
 Metaspace       used 50061K, capacity 51550K, committed 51800K, reserved 1093632K
  class space    used 6761K, capacity 7200K, committed 7296K, reserved 1048576K
Event: 36.905 GC heap after
Heap after GC invocations=17 (full 2):
 PSYoungGen      total 96256K, used 7955K [0x00000000f5580000, 0x00000000fde00000, 0x0000000100000000)
  eden space 84992K, 0% used [0x00000000f5580000,0x00000000f5580000,0x00000000fa880000)
  from space 11264K, 70% used [0x00000000fa880000,0x00000000fb044c58,0x00000000fb380000)
  to   space 11264K, 0% used [0x00000000fd300000,0x00000000fd300000,0x00000000fde00000)
 ParOldGen       total 85504K, used 23360K [0x00000000e0000000, 0x00000000e5380000, 0x00000000f5580000)
  object space 85504K, 27% used [0x00000000e0000000,0x00000000e16d0240,0x00000000e5380000)
 Metaspace       used 50061K, capacity 51550K, committed 51800K, reserved 1093632K
  class space    used 6761K, capacity 7200K, committed 7296K, reserved 1048576K
}
Event: 39.844 GC heap before
{Heap before GC invocations=18 (full 2):
 PSYoungGen      total 96256K, used 92947K [0x00000000f5580000, 0x00000000fde00000, 0x0000000100000000)
  eden space 84992K, 100% used [0x00000000f5580000,0x00000000fa880000,0x00000000fa880000)
  from space 11264K, 70% used [0x00000000fa880000,0x00000000fb044c58,0x00000000fb380000)
  to   space 11264K, 0% used [0x00000000fd300000,0x00000000fd300000,0x00000000fde00000)
 ParOldGen       total 85504K, used 23360K [0x00000000e0000000, 0x00000000e5380000, 0x00000000f5580000)
  object space 85504K, 27% used [0x00000000e0000000,0x00000000e16d0240,0x00000000e5380000)
 Metaspace       used 55400K, capacity 57206K, committed 57432K, reserved 1099776K
  class space    used 7501K, capacity 7967K, committed 8064K, reserved 1048576K
Event: 39.866 GC heap after
Heap after GC invocations=18 (full 2):
 PSYoungGen      total 127488K, used 8985K [0x00000000f5580000, 0x00000000fdf80000, 0x0000000100000000)
  eden space 116224K, 0% used [0x00000000f5580000,0x00000000f5580000,0x00000000fc700000)
  from space 11264K, 79% used [0x00000000fd300000,0x00000000fdbc66c8,0x00000000fde00000)
  to   space 12288K, 0% used [0x00000000fc700000,0x00000000fc700000,0x00000000fd300000)
 ParOldGen       total 85504K, used 28690K [0x00000000e0000000, 0x00000000e5380000, 0x00000000f5580000)
  object space 85504K, 33% used [0x00000000e0000000,0x00000000e1c04a80,0x00000000e5380000)
 Metaspace       used 55400K, capacity 57206K, committed 57432K, reserved 1099776K
  class space    used 7501K, capacity 7967K, committed 8064K, reserved 1048576K
}
Event: 41.109 GC heap before
{Heap before GC invocations=19 (full 2):
 PSYoungGen      total 127488K, used 63916K [0x00000000f5580000, 0x00000000fdf80000, 0x0000000100000000)
  eden space 116224K, 47% used [0x00000000f5580000,0x00000000f8b24ce0,0x00000000fc700000)
  from space 11264K, 79% used [0x00000000fd300000,0x00000000fdbc66c8,0x00000000fde00000)
  to   space 12288K, 0% used [0x00000000fc700000,0x00000000fc700000,0x00000000fd300000)
 ParOldGen       total 85504K, used 28690K [0x00000000e0000000, 0x00000000e5380000, 0x00000000f5580000)
  object space 85504K, 33% used [0x00000000e0000000,0x00000000e1c04a80,0x00000000e5380000)
 Metaspace       used 57147K, capacity 58878K, committed 58968K, reserved 1099776K
  class space    used 7791K, capacity 8285K, committed 8320K, reserved 1048576K
Event: 41.124 GC heap after
Heap after GC invocations=19 (full 2):
 PSYoungGen      total 128512K, used 4637K [0x00000000f5580000, 0x00000000ffb80000, 0x0000000100000000)
  eden space 116224K, 0% used [0x00000000f5580000,0x00000000f5580000,0x00000000fc700000)
  from space 12288K, 37% used [0x00000000fc700000,0x00000000fcb874d0,0x00000000fd300000)
  to   space 11776K, 0% used [0x00000000ff000000,0x00000000ff000000,0x00000000ffb80000)
 ParOldGen       total 85504K, used 33409K [0x00000000e0000000, 0x00000000e5380000, 0x00000000f5580000)
  object space 85504K, 39% used [0x00000000e0000000,0x00000000e20a0660,0x00000000e5380000)
 Metaspace       used 57147K, capacity 58878K, committed 58968K, reserved 1099776K
  class space    used 7791K, capacity 8285K, committed 8320K, reserved 1048576K
}
Event: 41.124 GC heap before
{Heap before GC invocations=20 (full 3):
 PSYoungGen      total 128512K, used 4637K [0x00000000f5580000, 0x00000000ffb80000, 0x0000000100000000)
  eden space 116224K, 0% used [0x00000000f5580000,0x00000000f5580000,0x00000000fc700000)
  from space 12288K, 37% used [0x00000000fc700000,0x00000000fcb874d0,0x00000000fd300000)
  to   space 11776K, 0% used [0x00000000ff000000,0x00000000ff000000,0x00000000ffb80000)
 ParOldGen       total 85504K, used 33409K [0x00000000e0000000, 0x00000000e5380000, 0x00000000f5580000)
  object space 85504K, 39% used [0x00000000e0000000,0x00000000e20a0660,0x00000000e5380000)
 Metaspace       used 57147K, capacity 58878K, committed 58968K, reserved 1099776K
  class space    used 7791K, capacity 8285K, committed 8320K, reserved 1048576K
Event: 41.521 GC heap after
Heap after GC invocations=20 (full 3):
 PSYoungGen      total 128512K, used 0K [0x00000000f5580000, 0x00000000ffb80000, 0x0000000100000000)
  eden space 116224K, 0% used [0x00000000f5580000,0x00000000f5580000,0x00000000fc700000)
  from space 12288K, 0% used [0x00000000fc700000,0x00000000fc700000,0x00000000fd300000)
  to   space 11776K, 0% used [0x00000000ff000000,0x00000000ff000000,0x00000000ffb80000)
 ParOldGen       total 131584K, used 36084K [0x00000000e0000000, 0x00000000e8080000, 0x00000000f5580000)
  object space 131584K, 27% used [0x00000000e0000000,0x00000000e233d3d8,0x00000000e8080000)
 Metaspace       used 57147K, capacity 58878K, committed 58968K, reserved 1099776K
  class space    used 7791K, capacity 8285K, committed 8320K, reserved 1048576K
}

